<?xml version="1.0" encoding="UTF-8"?>
<!-- Generated by org.testng.reporters.JUnitReportReporter -->
<testsuite hostname="MTR-ST-AIO" failures="0" tests="1" name="day3.cookiesdemo" time="1.222" errors="0" timestamp="2023-06-21T16:36:20 BDT" skipped="0">
  <testcase classname="day3.cookiesdemo" name="cookiesinfo" time="1.222"/>
</testsuite> <!-- day3.cookiesdemo -->
