<?xml version="1.0" encoding="UTF-8"?>
<!-- Generated by org.testng.reporters.JUnitReportReporter -->
<testsuite hostname="MTR-ST-AIO" failures="0" tests="1" name="day2.HTTPRequest02" time="2.061" errors="0" timestamp="2023-06-21T13:41:55 BDT" skipped="0">
  <testcase classname="day2.HTTPRequest02" name="addUser2" time="2.061"/>
</testsuite> <!-- day2.HTTPRequest02 -->
