<?xml version="1.0" encoding="UTF-8"?>
<!-- Generated by org.testng.reporters.JUnitReportReporter -->
<testsuite hostname="MTR-ST-AIO" failures="0" tests="1" name="day3.Headersdemo" time="1.167" errors="0" timestamp="2023-06-22T10:26:38 BDT" skipped="0">
  <testcase classname="day3.Headersdemo" name="addUser17" time="1.167"/>
</testsuite> <!-- day3.Headersdemo -->
