<?xml version="1.0" encoding="UTF-8"?>
<!-- Generated by org.testng.reporters.JUnitReportReporter -->
<testsuite hostname="MTR-ST-AIO" failures="0" tests="1" name="day3.HTTPRequest03" time="1.244" errors="0" timestamp="2023-06-21T16:07:51 BDT" skipped="0">
  <testcase classname="day3.HTTPRequest03" name="addUser" time="1.244"/>
</testsuite> <!-- day3.HTTPRequest03 -->
