<?xml version="1.0" encoding="UTF-8"?>
<!-- Generated by org.testng.reporters.JUnitReportReporter -->
<testsuite hostname="MTR-ST-AIO" failures="0" tests="1" name="day5_ParsingXMLResponse.ParsingXMLResponse" time="2.544" errors="0" timestamp="2023-07-09T11:09:25 BDT" skipped="0">
  <testcase classname="day5_ParsingXMLResponse.ParsingXMLResponse" name="testXMLResponse2" time="2.544"/>
</testsuite> <!-- day5_ParsingXMLResponse.ParsingXMLResponse -->
