<?xml version="1.0" encoding="UTF-8"?>
<!-- Generated by org.testng.reporters.JUnitReportReporter -->
<testsuite hostname="MTR-ST-AIO" failures="0" tests="4" name="day1.HTTPRequest" time="4.515" errors="0" timestamp="2023-08-29T12:28:56 BDT" skipped="0">
  <testcase classname="day1.HTTPRequest" name="getUser" time="2.328"/>
  <testcase classname="day1.HTTPRequest" name="addUser" time="0.859"/>
  <testcase classname="day1.HTTPRequest" name="update" time="0.650"/>
  <testcase classname="day1.HTTPRequest" name="delete" time="0.678"/>
</testsuite> <!-- day1.HTTPRequest -->
