<?xml version="1.0" encoding="UTF-8"?>
<!-- Generated by org.testng.reporters.JUnitReportReporter -->
<testsuite hostname="MTR-ST-AIO" failures="0" tests="1" name="day3.LoggingDemo" time="1.061" errors="0" timestamp="2023-06-22T10:37:57 BDT" skipped="0">
  <testcase classname="day3.LoggingDemo" name="testLogs" time="1.061"/>
</testsuite> <!-- day3.LoggingDemo -->
